0 silly argv {
0 silly argv   _: [ 'create' ],
0 silly argv   lernaVersion: '3.20.2',
0 silly argv   '$0': '/usr/local/bin/lerna',
0 silly argv   name: 'plugin-geometry'
0 silly argv }
1 notice cli v3.20.2
2 verbose rootPath /Users/shukantpal/Web Projects/pixi-essentials
3 error Error: canceled
3 error     at Interface.<anonymous> (/Users/shukantpal/Web Projects/pixi-essentials/node_modules/read/lib/read.js:66:13)
3 error     at Interface.emit (events.js:315:20)
3 error     at Interface._ttyWrite (readline.js:873:16)
3 error     at ReadStream.onkeypress (readline.js:213:10)
3 error     at ReadStream.emit (events.js:315:20)
3 error     at emitKeys (internal/readline/utils.js:335:14)
3 error     at emitKeys.next (<anonymous>)
3 error     at ReadStream.onData (readline.js:1140:36)
3 error     at ReadStream.emit (events.js:315:20)
3 error     at addChunk (_stream_readable.js:297:12)
3 error     at readableAddChunk (_stream_readable.js:273:9)
3 error     at ReadStream.Readable.push (_stream_readable.js:214:10)
